# Writing all output to: C:\Users\hesha\Desktop\GP DOC\Embedded-System-Kit-PCB-Designs\A_Done\Push button module\Push button module.log
set pad_wire_necking on
bus diagonal
fanout 20
route 100
clean 10
route 100 16
clean 10
route 100 16
clean 10
route 100 16
clean 10
route 100 16
clean 10
route 100 16
clean 10
route 100 16
clean 10
route 100 16
clean 10
route 100 16
clean 10
route 100 16
clean 10
route 100 16
clean 10
route 100 16
clean 10
route 100 16
clean 10
route 100 16
clean 10
route 100 16
clean 10
route 100 16
clean 10
route 100 16
clean 10
route 100 16
clean 10
route 100 16
clean 10
route 100 16
clean 10
route 100 16
clean 10
filter 10
recorner diagonal
status_file

